This is pdfTeX, Version 3.14159265-2.6-1.40.16 (TeX Live 2016/dev) (preloaded format=pdflatex 2016.10.25)  10 JUL 2017 11:10
entering extended mode
 restricted \write18 enabled.
 %&-line parsing enabled.
**badges.tex
(./badges.tex
LaTeX2e <2015/01/01> patch level 2
Babel <3.9m> and hyphenation patterns for 2 languages loaded.
(/usr/share/texlive/texmf-dist/tex/latex/base/letter.cls
Document Class: letter 2014/09/29 v1.2z Standard LaTeX document class
(/usr/share/texlive/texmf-dist/tex/latex/base/size10.clo
File: size10.clo 2014/09/29 v1.4h Standard LaTeX file (size option)
)
\longindentation=\dimen102
\indentedwidth=\dimen103
\labelcount=\count79
)
(/usr/share/texlive/texmf-dist/tex/latex/ticket/ticket.sty
Package: ticket 2010/11/30 v0.4b

Package: `ticket' v0.4b <2010/11/30> (Thomas Emmel)
(/usr/share/texlive/texmf-dist/tex/latex/base/ifthen.sty
Package: ifthen 2014/09/29 v1.1c Standard LaTeX ifthen package (DPC)
)
(/usr/share/texlive/texmf-dist/tex/latex/tools/calc.sty
Package: calc 2014/10/28 v4.3 Infix arithmetic (KKT,FJ)
\calc@Acount=\count80
\calc@Bcount=\count81
\calc@Adimen=\dimen104
\calc@Bdimen=\dimen105
\calc@Askip=\skip41
\calc@Bskip=\skip42
LaTeX Info: Redefining \setlength on input line 80.
LaTeX Info: Redefining \addtolength on input line 81.
\calc@Ccount=\count82
\calc@Cskip=\skip43
)
\c@ticket@x=\count83
\c@ticket@y=\count84
\c@ticket@num@X=\count85
\c@ticket@num@Y=\count86
\ticketWidth=\dimen106
\ticketHeight=\dimen107
\ticket@dis@X=\dimen108
\ticket@dis@Y=\dimen109

load freepin.tdf
(/usr/share/texlive/texmf-dist/tex/latex/ticket/freepin.tdf)
\ticket@shift@x=\dimen110
\ticket@shift@y=\dimen111
\back@shift=\dimen112
)
(/usr/share/texlive/texmf-dist/tex/latex/graphics/graphicx.sty
Package: graphicx 2014/10/28 v1.0g Enhanced LaTeX Graphics (DPC,SPQR)

(/usr/share/texlive/texmf-dist/tex/latex/graphics/keyval.sty
Package: keyval 2014/10/28 v1.15 key=value parser (DPC)
\KV@toks@=\toks14
)
(/usr/share/texlive/texmf-dist/tex/latex/graphics/graphics.sty
Package: graphics 2014/10/28 v1.0p Standard LaTeX Graphics (DPC,SPQR)

(/usr/share/texlive/texmf-dist/tex/latex/graphics/trig.sty
Package: trig 1999/03/16 v1.09 sin cos tan (DPC)
)
(/usr/share/texlive/texmf-dist/tex/latex/latexconfig/graphics.cfg
File: graphics.cfg 2010/04/23 v1.9 graphics configuration of TeX Live
)
Package graphics Info: Driver file: pdftex.def on input line 94.

(/usr/share/texlive/texmf-dist/tex/latex/pdftex-def/pdftex.def
File: pdftex.def 2011/05/27 v0.06d Graphics/color for pdfTeX

(/usr/share/texlive/texmf-dist/tex/generic/oberdiek/infwarerr.sty
Package: infwarerr 2010/04/08 v1.3 Providing info/warning/error messages (HO)
)
(/usr/share/texlive/texmf-dist/tex/generic/oberdiek/ltxcmds.sty
Package: ltxcmds 2011/11/09 v1.22 LaTeX kernel commands for general use (HO)
)
\Gread@gobject=\count87
))
\Gin@req@height=\dimen113
\Gin@req@width=\dimen114
)
(./badges.aux)
\openout1 = `badges.aux'.

LaTeX Font Info:    Checking defaults for OML/cmm/m/it on input line 33.
LaTeX Font Info:    ... okay on input line 33.
LaTeX Font Info:    Checking defaults for T1/cmr/m/n on input line 33.
LaTeX Font Info:    ... okay on input line 33.
LaTeX Font Info:    Checking defaults for OT1/cmr/m/n on input line 33.
LaTeX Font Info:    ... okay on input line 33.
LaTeX Font Info:    Checking defaults for OMS/cmsy/m/n on input line 33.
LaTeX Font Info:    ... okay on input line 33.
LaTeX Font Info:    Checking defaults for OMX/cmex/m/n on input line 33.
LaTeX Font Info:    ... okay on input line 33.
LaTeX Font Info:    Checking defaults for U/cmr/m/n on input line 33.
LaTeX Font Info:    ... okay on input line 33.
 (/usr/share/texlive/texmf-dist/tex/context/base/supp-pdf.mkii
[Loading MPS to PDF converter (version 2006.09.02).]
\scratchcounter=\count88
\scratchdimen=\dimen115
\scratchbox=\box26
\nofMPsegments=\count89
\nofMParguments=\count90
\everyMPshowfont=\toks15
\MPscratchCnt=\count91
\MPscratchDim=\dimen116
\MPnumerator=\count92
\makeMPintoPDFobject=\count93
\everyMPtoPDFconversion=\toks16
) (/usr/share/texlive/texmf-dist/tex/generic/oberdiek/pdftexcmds.sty
Package: pdftexcmds 2011/11/29 v0.20 Utility functions of pdfTeX for LuaTeX (HO
)

(/usr/share/texlive/texmf-dist/tex/generic/oberdiek/ifluatex.sty
Package: ifluatex 2010/03/01 v1.3 Provides the ifluatex switch (HO)
Package ifluatex Info: LuaTeX not detected.
)
(/usr/share/texlive/texmf-dist/tex/generic/oberdiek/ifpdf.sty
Package: ifpdf 2011/01/30 v2.3 Provides the ifpdf switch (HO)
Package ifpdf Info: pdfTeX in PDF mode is detected.
)
Package pdftexcmds Info: LuaTeX not detected.
Package pdftexcmds Info: \pdf@primitive is available.
Package pdftexcmds Info: \pdf@ifprimitive is available.
Package pdftexcmds Info: \pdfdraftmode found.
)
(/usr/share/texlive/texmf-dist/tex/latex/oberdiek/epstopdf-base.sty
Package: epstopdf-base 2010/02/09 v2.5 Base part for package epstopdf

(/usr/share/texlive/texmf-dist/tex/latex/oberdiek/grfext.sty
Package: grfext 2010/08/19 v1.1 Manage graphics extensions (HO)

(/usr/share/texlive/texmf-dist/tex/generic/oberdiek/kvdefinekeys.sty
Package: kvdefinekeys 2011/04/07 v1.3 Define keys (HO)
))
(/usr/share/texlive/texmf-dist/tex/latex/oberdiek/kvoptions.sty
Package: kvoptions 2011/06/30 v3.11 Key value format for package options (HO)

(/usr/share/texlive/texmf-dist/tex/generic/oberdiek/kvsetkeys.sty
Package: kvsetkeys 2012/04/25 v1.16 Key value parser (HO)

(/usr/share/texlive/texmf-dist/tex/generic/oberdiek/etexcmds.sty
Package: etexcmds 2011/02/16 v1.5 Avoid name clashes with e-TeX commands (HO)
Package etexcmds Info: Could not find \expanded.
(etexcmds)             That can mean that you are not using pdfTeX 1.50 or
(etexcmds)             that some package has redefined \expanded.
(etexcmds)             In the latter case, load this package earlier.
)))
Package grfext Info: Graphics extension search list:
(grfext)             [.png,.pdf,.jpg,.mps,.jpeg,.jbig2,.jb2,.PNG,.PDF,.JPG,.JPE
G,.JBIG2,.JB2,.eps]
(grfext)             \AppendGraphicsExtensions on input line 452.

(/usr/share/texlive/texmf-dist/tex/latex/latexconfig/epstopdf-sys.cfg
File: epstopdf-sys.cfg 2010/07/13 v1.3 Configuration of (r)epstopdf for TeX Liv
e
))
<logo_right.png, id=1, 120.45pt x 39.64813pt>
File: logo_right.png Graphic file (type png)
 <use logo_right.png>
Package pdftex.def Info: logo_right.png used on input line 35.
(pdftex.def)             Requested size: 120.44969pt x 39.64803pt.
File: logo_right.png Graphic file (type png)

<use logo_right.png>
Package pdftex.def Info: logo_right.png used on input line 36.
(pdftex.def)             Requested size: 120.44969pt x 39.64803pt.
File: logo_right.png Graphic file (type png)
 <use logo_right.png>
Package pdftex.def Info: logo_right.png used on input line 37.
(pdftex.def)             Requested size: 120.44969pt x 39.64803pt.
File: logo_right.png Graphic file (type png)
 <use logo_right.png>
Package pdftex.def Info: logo_right.png used on input line 38.
(pdftex.def)             Requested size: 120.44969pt x 39.64803pt.
File: logo_right.png Graphic file (type png)

<use logo_right.png>
Package pdftex.def Info: logo_right.png used on input line 39.
(pdftex.def)             Requested size: 120.44969pt x 39.64803pt.
File: logo_right.png Graphic file (type png)
 <use logo_right.png>
Package pdftex.def Info: logo_right.png used on input line 40.
(pdftex.def)             Requested size: 120.44969pt x 39.64803pt.
File: logo_right.png Graphic file (type png)
 <use logo_right.png>
Package pdftex.def Info: logo_right.png used on input line 41.
(pdftex.def)             Requested size: 120.44969pt x 39.64803pt.
File: logo_right.png Graphic file (type png)

<use logo_right.png>
Package pdftex.def Info: logo_right.png used on input line 42.
(pdftex.def)             Requested size: 120.44969pt x 39.64803pt.
File: logo_right.png Graphic file (type png)
 <use logo_right.png>
Package pdftex.def Info: logo_right.png used on input line 43.
(pdftex.def)             Requested size: 120.44969pt x 39.64803pt.
File: logo_right.png Graphic file (type png)
 <use logo_right.png>
Package pdftex.def Info: logo_right.png used on input line 44.
(pdftex.def)             Requested size: 120.44969pt x 39.64803pt.
 [1

{/usr/share/texlive/texmf-dist/fonts/map/pdftex/updmap/pdftex.map} <./logo_righ
t.png>]
File: logo_right.png Graphic file (type png)

<use logo_right.png>
Package pdftex.def Info: logo_right.png used on input line 45.
(pdftex.def)             Requested size: 120.44969pt x 39.64803pt.
File: logo_right.png Graphic file (type png)
 <use logo_right.png>
Package pdftex.def Info: logo_right.png used on input line 46.
(pdftex.def)             Requested size: 120.44969pt x 39.64803pt.
File: logo_right.png Graphic file (type png)
 <use logo_right.png>
Package pdftex.def Info: logo_right.png used on input line 47.
(pdftex.def)             Requested size: 120.44969pt x 39.64803pt.
File: logo_right.png Graphic file (type png)

<use logo_right.png>
Package pdftex.def Info: logo_right.png used on input line 48.
(pdftex.def)             Requested size: 120.44969pt x 39.64803pt.
File: logo_right.png Graphic file (type png)
 <use logo_right.png>
Package pdftex.def Info: logo_right.png used on input line 49.
(pdftex.def)             Requested size: 120.44969pt x 39.64803pt.
File: logo_right.png Graphic file (type png)
 <use logo_right.png>
Package pdftex.def Info: logo_right.png used on input line 50.
(pdftex.def)             Requested size: 120.44969pt x 39.64803pt.
File: logo_right.png Graphic file (type png)

<use logo_right.png>
Package pdftex.def Info: logo_right.png used on input line 51.
(pdftex.def)             Requested size: 120.44969pt x 39.64803pt.
File: logo_right.png Graphic file (type png)
 <use logo_right.png>
Package pdftex.def Info: logo_right.png used on input line 52.
(pdftex.def)             Requested size: 120.44969pt x 39.64803pt.
File: logo_right.png Graphic file (type png)
 <use logo_right.png>
Package pdftex.def Info: logo_right.png used on input line 53.
(pdftex.def)             Requested size: 120.44969pt x 39.64803pt.
File: logo_right.png Graphic file (type png)

<use logo_right.png>
Package pdftex.def Info: logo_right.png used on input line 54.
(pdftex.def)             Requested size: 120.44969pt x 39.64803pt.
 [2]
File: logo_right.png Graphic file (type png)
 <use logo_right.png>
Package pdftex.def Info: logo_right.png used on input line 55.
(pdftex.def)             Requested size: 120.44969pt x 39.64803pt.
File: logo_right.png Graphic file (type png)
 <use logo_right.png>
Package pdftex.def Info: logo_right.png used on input line 56.
(pdftex.def)             Requested size: 120.44969pt x 39.64803pt.
File: logo_right.png Graphic file (type png)

<use logo_right.png>
Package pdftex.def Info: logo_right.png used on input line 57.
(pdftex.def)             Requested size: 120.44969pt x 39.64803pt.
File: logo_right.png Graphic file (type png)
 <use logo_right.png>
Package pdftex.def Info: logo_right.png used on input line 58.
(pdftex.def)             Requested size: 120.44969pt x 39.64803pt.
File: logo_right.png Graphic file (type png)
 <use logo_right.png>
Package pdftex.def Info: logo_right.png used on input line 59.
(pdftex.def)             Requested size: 120.44969pt x 39.64803pt.
File: logo_right.png Graphic file (type png)

<use logo_right.png>
Package pdftex.def Info: logo_right.png used on input line 60.
(pdftex.def)             Requested size: 120.44969pt x 39.64803pt.
File: logo_right.png Graphic file (type png)
 <use logo_right.png>
Package pdftex.def Info: logo_right.png used on input line 61.
(pdftex.def)             Requested size: 120.44969pt x 39.64803pt.
File: logo_right.png Graphic file (type png)
 <use logo_right.png>
Package pdftex.def Info: logo_right.png used on input line 62.
(pdftex.def)             Requested size: 120.44969pt x 39.64803pt.
File: logo_right.png Graphic file (type png)

<use logo_right.png>
Package pdftex.def Info: logo_right.png used on input line 63.
(pdftex.def)             Requested size: 120.44969pt x 39.64803pt.
File: logo_right.png Graphic file (type png)
 <use logo_right.png>
Package pdftex.def Info: logo_right.png used on input line 64.
(pdftex.def)             Requested size: 120.44969pt x 39.64803pt.
 [3]
File: logo_right.png Graphic file (type png)
 <use logo_right.png>
Package pdftex.def Info: logo_right.png used on input line 65.
(pdftex.def)             Requested size: 120.44969pt x 39.64803pt.
File: logo_right.png Graphic file (type png)

<use logo_right.png>
Package pdftex.def Info: logo_right.png used on input line 66.
(pdftex.def)             Requested size: 120.44969pt x 39.64803pt.
File: logo_right.png Graphic file (type png)
 <use logo_right.png>
Package pdftex.def Info: logo_right.png used on input line 67.
(pdftex.def)             Requested size: 120.44969pt x 39.64803pt.
File: logo_right.png Graphic file (type png)
 <use logo_right.png>
Package pdftex.def Info: logo_right.png used on input line 68.
(pdftex.def)             Requested size: 120.44969pt x 39.64803pt.
File: logo_right.png Graphic file (type png)

<use logo_right.png>
Package pdftex.def Info: logo_right.png used on input line 69.
(pdftex.def)             Requested size: 120.44969pt x 39.64803pt.
File: logo_right.png Graphic file (type png)
 <use logo_right.png>
Package pdftex.def Info: logo_right.png used on input line 70.
(pdftex.def)             Requested size: 120.44969pt x 39.64803pt.
File: logo_right.png Graphic file (type png)
 <use logo_right.png>
Package pdftex.def Info: logo_right.png used on input line 71.
(pdftex.def)             Requested size: 120.44969pt x 39.64803pt.
File: logo_right.png Graphic file (type png)

<use logo_right.png>
Package pdftex.def Info: logo_right.png used on input line 72.
(pdftex.def)             Requested size: 120.44969pt x 39.64803pt.
File: logo_right.png Graphic file (type png)
 <use logo_right.png>
Package pdftex.def Info: logo_right.png used on input line 73.
(pdftex.def)             Requested size: 120.44969pt x 39.64803pt.
File: logo_right.png Graphic file (type png)
 <use logo_right.png>
Package pdftex.def Info: logo_right.png used on input line 74.
(pdftex.def)             Requested size: 120.44969pt x 39.64803pt.
 [4]
File: logo_right.png Graphic file (type png)

<use logo_right.png>
Package pdftex.def Info: logo_right.png used on input line 75.
(pdftex.def)             Requested size: 120.44969pt x 39.64803pt.
File: logo_right.png Graphic file (type png)
 <use logo_right.png>
Package pdftex.def Info: logo_right.png used on input line 76.
(pdftex.def)             Requested size: 120.44969pt x 39.64803pt.
File: logo_right.png Graphic file (type png)
 <use logo_right.png>
Package pdftex.def Info: logo_right.png used on input line 77.
(pdftex.def)             Requested size: 120.44969pt x 39.64803pt.
File: logo_right.png Graphic file (type png)

<use logo_right.png>
Package pdftex.def Info: logo_right.png used on input line 78.
(pdftex.def)             Requested size: 120.44969pt x 39.64803pt.
File: logo_right.png Graphic file (type png)
 <use logo_right.png>
Package pdftex.def Info: logo_right.png used on input line 79.
(pdftex.def)             Requested size: 120.44969pt x 39.64803pt.
File: logo_right.png Graphic file (type png)
 <use logo_right.png>
Package pdftex.def Info: logo_right.png used on input line 80.
(pdftex.def)             Requested size: 120.44969pt x 39.64803pt.
File: logo_right.png Graphic file (type png)

<use logo_right.png>
Package pdftex.def Info: logo_right.png used on input line 81.
(pdftex.def)             Requested size: 120.44969pt x 39.64803pt.
File: logo_right.png Graphic file (type png)
 <use logo_right.png>
Package pdftex.def Info: logo_right.png used on input line 82.
(pdftex.def)             Requested size: 120.44969pt x 39.64803pt.
File: logo_right.png Graphic file (type png)
 <use logo_right.png>
Package pdftex.def Info: logo_right.png used on input line 83.
(pdftex.def)             Requested size: 120.44969pt x 39.64803pt.
File: logo_right.png Graphic file (type png)

<use logo_right.png>
Package pdftex.def Info: logo_right.png used on input line 84.
(pdftex.def)             Requested size: 120.44969pt x 39.64803pt.
 [5]
File: logo_right.png Graphic file (type png)
 <use logo_right.png>
Package pdftex.def Info: logo_right.png used on input line 85.
(pdftex.def)             Requested size: 120.44969pt x 39.64803pt.
File: logo_right.png Graphic file (type png)
 <use logo_right.png>
Package pdftex.def Info: logo_right.png used on input line 86.
(pdftex.def)             Requested size: 120.44969pt x 39.64803pt.
File: logo_right.png Graphic file (type png)

<use logo_right.png>
Package pdftex.def Info: logo_right.png used on input line 87.
(pdftex.def)             Requested size: 120.44969pt x 39.64803pt.
File: logo_right.png Graphic file (type png)
 <use logo_right.png>
Package pdftex.def Info: logo_right.png used on input line 88.
(pdftex.def)             Requested size: 120.44969pt x 39.64803pt.
File: logo_right.png Graphic file (type png)
 <use logo_right.png>
Package pdftex.def Info: logo_right.png used on input line 89.
(pdftex.def)             Requested size: 120.44969pt x 39.64803pt.
File: logo_right.png Graphic file (type png)

<use logo_right.png>
Package pdftex.def Info: logo_right.png used on input line 90.
(pdftex.def)             Requested size: 120.44969pt x 39.64803pt.
File: logo_right.png Graphic file (type png)
 <use logo_right.png>
Package pdftex.def Info: logo_right.png used on input line 91.
(pdftex.def)             Requested size: 120.44969pt x 39.64803pt.
File: logo_right.png Graphic file (type png)
 <use logo_right.png>
Package pdftex.def Info: logo_right.png used on input line 92.
(pdftex.def)             Requested size: 120.44969pt x 39.64803pt.
File: logo_right.png Graphic file (type png)

<use logo_right.png>
Package pdftex.def Info: logo_right.png used on input line 93.
(pdftex.def)             Requested size: 120.44969pt x 39.64803pt.
File: logo_right.png Graphic file (type png)
 <use logo_right.png>
Package pdftex.def Info: logo_right.png used on input line 94.
(pdftex.def)             Requested size: 120.44969pt x 39.64803pt.
 [6] (./badges.aux) ) 
Here is how much of TeX's memory you used:
 1605 strings out of 495003
 23025 string characters out of 6181404
 83652 words of memory out of 5000000
 4846 multiletter control sequences out of 15000+600000
 4827 words of font info for 18 fonts, out of 8000000 for 9000
 14 hyphenation exceptions out of 8191
 37i,9n,33p,232b,179s stack positions out of 5000i,500n,10000p,200000b,80000s
</usr/share/texlive/texmf-dist/fonts/type1/public/amsfonts
/cm/cmssbx10.pfb>
Output written on badges.pdf (6 pages, 36664 bytes).
PDF statistics:
 30 PDF objects out of 1000 (max. 8388607)
 18 compressed objects within 1 object stream
 0 named destinations out of 1000 (max. 500000)
 6 words of extra memory for PDF output out of 10000 (max. 10000000)

